[debug] [2019-06-05T02:12:50.898Z] ----------------------------------------------------------------------
[debug] [2019-06-05T02:12:50.901Z] Command:       C:\nodejs\node.exe C:\Users\Admin\AppData\Roaming\npm\node_modules\firebase-tools\lib\bin\firebase.js init
[debug] [2019-06-05T02:12:50.901Z] CLI Version:   6.11.0
[debug] [2019-06-05T02:12:50.901Z] Platform:      win32
[debug] [2019-06-05T02:12:50.901Z] Node Version:  v10.15.3
[debug] [2019-06-05T02:12:50.902Z] Time:          Tue Jun 04 2019 23:12:50 GMT-0300 (GMT-03:00)
[debug] [2019-06-05T02:12:50.902Z] ----------------------------------------------------------------------
[debug] 
[debug] [2019-06-05T02:12:50.909Z] > command requires scopes: ["email","openid","https://www.googleapis.com/auth/cloudplatformprojects.readonly","https://www.googleapis.com/auth/firebase","https://www.googleapis.com/auth/cloud-platform"]
[debug] [2019-06-05T02:12:50.909Z] > authorizing via signed-in user
[info] 
     ######## #### ########  ######## ########     ###     ######  ########
     ##        ##  ##     ## ##       ##     ##  ##   ##  ##       ##
     ######    ##  ########  ######   ########  #########  ######  ######
     ##        ##  ##    ##  ##       ##     ## ##     ##       ## ##
     ##       #### ##     ## ######## ########  ##     ##  ######  ########

You're about to initialize a Firebase project in this directory:

  C:\nodejs\projectStart

Before we get started, keep in mind:

  * You are currently outside your home directory

[debug] [2019-06-05T02:13:27.522Z] ----------------------------------------------------------------------
[debug] [2019-06-05T02:13:27.525Z] Command:       C:\nodejs\node.exe C:\Users\Admin\AppData\Roaming\npm\node_modules\firebase-tools\lib\bin\firebase.js init
[debug] [2019-06-05T02:13:27.525Z] CLI Version:   6.11.0
[debug] [2019-06-05T02:13:27.525Z] Platform:      win32
[debug] [2019-06-05T02:13:27.525Z] Node Version:  v10.15.3
[debug] [2019-06-05T02:13:27.526Z] Time:          Tue Jun 04 2019 23:13:27 GMT-0300 (GMT-03:00)
[debug] [2019-06-05T02:13:27.526Z] ----------------------------------------------------------------------
[debug] 
[debug] [2019-06-05T02:13:27.533Z] > command requires scopes: ["email","openid","https://www.googleapis.com/auth/cloudplatformprojects.readonly","https://www.googleapis.com/auth/firebase","https://www.googleapis.com/auth/cloud-platform"]
[debug] [2019-06-05T02:13:27.534Z] > authorizing via signed-in user
[info] 
     ######## #### ########  ######## ########     ###     ######  ########
     ##        ##  ##     ## ##       ##     ##  ##   ##  ##       ##
     ######    ##  ########  ######   ########  #########  ######  ######
     ##        ##  ##    ##  ##       ##     ## ##     ##       ## ##
     ##       #### ##     ## ######## ########  ##     ##  ######  ########

You're about to initialize a Firebase project in this directory:

  C:\nodejs\projectStart

Before we get started, keep in mind:

  * You are currently outside your home directory

[info] 
=== Project Setup
[info] 
[info] First, let's associate this project directory with a Firebase project.
[info] You can create multiple project aliases by running firebase use --add, 
[info] but for now we'll just set up a default project.
[info] 
[debug] [2019-06-05T02:13:33.293Z] >>> HTTP REQUEST GET https://firebase.googleapis.com/v1beta1/projects?page_size=100  
 
[debug] [2019-06-05T02:13:34.806Z] <<< HTTP RESPONSE 200
[info] i  Using project projectstart-372e7 (projectStart)
[info] 
=== Hosting Setup
[info] 
[info] Your public directory is the folder (relative to your project directory) that
[info] will contain Hosting assets to be uploaded with firebase deploy. If you
[info] have a build process for your assets, use your build's output directory.
[info] 
[debug] [2019-06-05T02:16:12.843Z] >>> HTTP REQUEST GET https://www.gstatic.com/firebasejs/releases.json  
 
[debug] [2019-06-05T02:16:12.998Z] <<< HTTP RESPONSE 200
[debug] [2019-06-05T02:16:14.523Z] Error: EEXIST: file already exists, mkdir 'C:\nodejs\projectStart'
    at Object.mkdirSync (fs.js:752:3)
    at mkdirsSync (C:\Users\Admin\AppData\Roaming\npm\node_modules\firebase-tools\node_modules\fs-extra\lib\mkdirs\mkdirs-sync.js:22:9)
    at mkdirsSync (C:\Users\Admin\AppData\Roaming\npm\node_modules\firebase-tools\node_modules\fs-extra\lib\mkdirs\mkdirs-sync.js:27:16)
    at mkdirsSync (C:\Users\Admin\AppData\Roaming\npm\node_modules\firebase-tools\node_modules\fs-extra\lib\mkdirs\mkdirs-sync.js:28:9)
    at mkdirsSync (C:\Users\Admin\AppData\Roaming\npm\node_modules\firebase-tools\node_modules\fs-extra\lib\mkdirs\mkdirs-sync.js:28:9)
    at mkdirsSync (C:\Users\Admin\AppData\Roaming\npm\node_modules\firebase-tools\node_modules\fs-extra\lib\mkdirs\mkdirs-sync.js:28:9)
    at mkdirsSync (C:\Users\Admin\AppData\Roaming\npm\node_modules\firebase-tools\node_modules\fs-extra\lib\mkdirs\mkdirs-sync.js:28:9)
    at mkdirsSync (C:\Users\Admin\AppData\Roaming\npm\node_modules\firebase-tools\node_modules\fs-extra\lib\mkdirs\mkdirs-sync.js:28:9)
    at mkdirsSync (C:\Users\Admin\AppData\Roaming\npm\node_modules\firebase-tools\node_modules\fs-extra\lib\mkdirs\mkdirs-sync.js:28:9)
    at mkdirsSync (C:\Users\Admin\AppData\Roaming\npm\node_modules\firebase-tools\node_modules\fs-extra\lib\mkdirs\mkdirs-sync.js:28:9)
[error] 
[error] Error: An unexpected error has occurred.
